20230116_tbl_byomei.csv
20230116_tbl_genericname.csv
20230116_tbl_interact.csv
20230116_tbl_srycdchg.csv
20230116_tbl_sskijyo.csv
20230116_tbl_tekioubyomei.csv
20230116_tbl_tensu.csv
20230202_tbl_byomei.csv
20230202_tbl_genericname.csv
20230202_tbl_srycdchg.csv
20230202_tbl_tekioubyomei.csv
20230202_tbl_tensu.csv
20230202_tbl_adrs.csv
20230202_tbl_interact.csv
20230202_tbl_sskijyo.csv
20230202_tbl_byomei.csv
20230202_tbl_genericname.csv
20230202_tbl_srycdchg.csv
20230202_tbl_tekioubyomei.csv
20230202_tbl_tensu.csv
20230216_tbl_byomei.csv
20230216_tbl_genericname.csv
20230216_tbl_srycdchg.csv
20230216_tbl_tekioubyomei.csv
20230216_tbl_tensu.csv
20230302_tbl_byomei.csv
20230302_tbl_genericname.csv
20230302_tbl_srycdchg.csv
20230302_tbl_tekioubyomei.csv
20230302_tbl_tensu.csv
20230322_tbl_byomei.csv
20230322_tbl_genericname.csv
20230322_tbl_srycdchg.csv
20230322_tbl_tekioubyomei.csv
20230322_tbl_tensu.csv
20230329_tbl_byomei.csv
20230329_tbl_genericname.csv
20230329_tbl_srycdchg.csv
20230329_tbl_tekioubyomei.csv
20230329_tbl_tensu.csv
20230417_tbl_byomei.csv
20230417_tbl_genericname.csv
20230417_tbl_srycdchg.csv
20230417_tbl_tekioubyomei.csv
20230417_tbl_tensu.csv
20230502_tbl_byomei.csv
20230502_tbl_genericname.csv
20230502_tbl_srycdchg.csv
20230502_tbl_tekioubyomei.csv
20230502_tbl_tensu.csv
20230510_tbl_byomei.csv
20230510_tbl_genericname.csv
20230510_tbl_srycdchg.csv
20230510_tbl_tekioubyomei.csv
20230510_tbl_tensu.csv
20230524_tbl_byomei.csv
20230524_tbl_genericname.csv
20230524_tbl_srycdchg.csv
20230524_tbl_tekioubyomei.csv
20230524_tbl_tensu.csv
20230607_tbl_byomei.csv
20230607_tbl_genericname.csv
20230607_tbl_srycdchg.csv
20230607_tbl_tekioubyomei.csv
20230607_tbl_tensu.csv
20230614_tbl_byomei.csv
20230614_tbl_genericname.csv
20230614_tbl_srycdchg.csv
20230614_tbl_tekioubyomei.csv
20230614_tbl_tensu.csv
20230627_tbl_byomei.csv
20230627_tbl_genericname.csv
20230627_tbl_srycdchg.csv
20230627_tbl_tekioubyomei.csv
20230627_tbl_tensu.csv
20230803_tbl_byomei.csv
20230803_tbl_genericname.csv
20230803_tbl_srycdchg.csv
20230803_tbl_tekioubyomei.csv
20230803_tbl_tensu.csv
20230830_tbl_byomei.csv
20230830_tbl_genericname.csv
20230830_tbl_srycdchg.csv
20230830_tbl_tekioubyomei.csv
20230830_tbl_tensu.csv
20231002_tbl_byomei.csv
20231002_tbl_genericname.csv
20231002_tbl_srycdchg.csv
20231002_tbl_tekioubyomei.csv
20231002_tbl_tensu.csv
20231012_tbl_byomei.csv
20231012_tbl_genericname.csv
20231012_tbl_srycdchg.csv
20231012_tbl_tekioubyomei.csv
20231012_tbl_tensu.csv
20231101_tbl_byomei.csv
20231101_tbl_genericname.csv
20231101_tbl_srycdchg.csv
20231101_tbl_tekioubyomei.csv
20231101_tbl_tensu.csv
20231111_tbl_byomei.csv
20231111_tbl_genericname.csv
20231111_tbl_srycdchg.csv
20231111_tbl_tekioubyomei.csv
20231111_tbl_tensu.csv
20231124_tbl_byomei.csv
20231124_tbl_genericname.csv
20231124_tbl_srycdchg.csv
20231124_tbl_tekioubyomei.csv
20231124_tbl_tensu.csv
20231130_tbl_byomei.csv
20231130_tbl_genericname.csv
20231130_tbl_srycdchg.csv
20231130_tbl_tekioubyomei.csv
20231130_tbl_tensu.csv
20231207_tbl_adrs.csv
20231207_tbl_interact.csv
20231207_tbl_sskijyo.csv
20231211_tbl_byomei.csv
20231211_tbl_genericname.csv
20231211_tbl_srycdchg.csv
20231211_tbl_tekioubyomei.csv
20231211_tbl_tensu.csv
20240102_tbl_byomei.csv
20240102_tbl_genericname.csv
20240102_tbl_srycdchg.csv
20240102_tbl_tekioubyomei.csv
20240102_tbl_tensu.csv
20240105_tbl_byomei.csv
20240105_tbl_genericname.csv
20240105_tbl_srycdchg.csv
20240105_tbl_tekioubyomei.csv
20240105_tbl_tensu.csv
